2008-12-02 04:29:55.358Z 19 11 I ObjNetPos = 14.799757, 0.000000, 4734909029.03000, 0.003613, 0.000000, 4734909029.03000
2008-12-02 04:29:55.365Z 19 11 I ObjInstAng = -0.004454, 0.000000, 4734909029.03000
2008-12-02 04:29:55.365Z 19 11 I SpiderInstAng = -25.818716, -0.005001, 4734909029.03000
2008-12-02 04:29:55.365Z 19 11 : Cmd="show object"
2008-12-02 04:29:55.371Z 20 11 I TelMount = -31.239286, -0.006261, 4734909029.03000, 53.116794, -0.001820, 4734909029.03000
2008-12-02 04:29:55.371Z 20 11 I RotMount = 154.146852, -0.005001, 4734909029.03000
2008-12-02 04:29:55.374Z 20 11 : Cmd="show mount"
2008-12-02 04:29:55.374Z 21 11 I SecFocus=40.00
2008-12-02 04:29:55.378Z 21 11 I GCFocus=0.00
2008-12-02 04:29:55.383Z 21 11 : Cmd="show focus"
2008-12-02 04:29:55.387Z 22 11 I AirTemp=    4.40; SecTrussTemp=    4.40
2008-12-02 04:29:55.389Z 22 11 I PrimF_BFTemp=   10.00,    0.00; SecF_BFTemp=   10.00,    0.00
2008-12-02 04:29:55.392Z 22 11 I Pressure=   73029.0; Humidity=  0.42; TLapse=  6.50
2008-12-02 04:29:55.396Z 22 11 I WindSpeed=     1.3; WindDir=   216.0
2008-12-02 04:29:55.399Z 22 11 I TimeStamp=  4734908434.58
2008-12-02 04:29:55.403Z 22 11 : Cmd="show weather"
2008-12-02 04:29:55.407Z 23 11 > Started; Text="command queued"; Cmd="gcam doread 10"
2008-12-02 04:29:55.410Z 23 11 I Text="command executing"
2008-12-02 04:29:55.414Z 0 0 I GCamCmd="doread      10.00     2     2      192.0      128.0        0.0        0.0"
2008-12-02 04:29:55.756Z 0 0 I TCCStatus="TTT","NNN"; TCCPos=-31.23,53.12,154.15; AxePos=-31.24,53.12,154.15
2008-12-02 04:29:55.766Z 0 0 I AxisErrCode="OK","OK","OK"
2008-12-02 04:29:55.766Z 0 0 I ObjNetPos = 14.799757, 0.000000, 4734909029.03000, 0.003613, 0.000000, 4734909029.03000
2008-12-02 04:29:55.769Z 0 0 I ObjInstAng = -0.004454, 0.000000, 4734909029.03000
2008-12-02 04:29:55.770Z 0 0 I SpiderInstAng = -25.818716, -0.005001, 4734909029.03000
2008-12-02 04:29:55.774Z 0 0 W DeadProc="T_AUTOLOUVER"
2008-12-02 04:29:56.155Z 0 0 I TCCStatus="TTT","NNN"; TCCPos=-31.24,53.12,154.15; AxePos=-31.24,53.12,154.15
2008-12-02 04:29:56.161Z 0 0 I AxisErrCode="OK","OK","OK"
2008-12-02 04:29:56.163Z 0 0 I SpiderInstAng = -25.818716, -0.005001, 4734909029.03000
2008-12-02 04:29:56.166Z 0 0 W DeadProc="T_AUTOLOUVER"
2008-12-02 04:29:58.554Z 0 0 I TrackAdvTime=3.55
2008-12-02 04:30:03.603Z 0 0 I TrackAdvTime=3.51
2008-12-02 04:30:06.075Z 0 0 I TCCStatus="TTT","NNN"; TCCPos=-31.30,53.10,154.10; AxePos=-31.30,53.10,154.10
2008-12-02 04:30:06.083Z 0 0 I AxisErrCode="OK","OK","OK"
2008-12-02 04:30:06.084Z 0 0 I SpiderInstAng = -25.899012, -0.004992, 4734909045.10000
2008-12-02 04:30:06.087Z 0 0 W DeadProc="T_AUTOLOUVER"
2008-12-02 04:30:08.554Z 0 0 I TrackAdvTime=3.55
2008-12-02 04:30:09.514Z 0 0 F Modu="prt_ReadReplySet"; Text="too few replies on port LTA11:"
2008-12-02 04:30:09.518Z 23 11 F Text="doread failed"
2008-12-02 04:30:10.513Z 0 0 I ObjName=" "
2008-12-02 04:30:10.517Z 0 0 I ObjMag=NaN
2008-12-02 04:30:10.520Z 0 0 I ObjSys=FK5, 2000.0
2008-12-02 04:30:10.524Z 0 0 I ObjPM=0.0000, 0.0000, 0.0000, 0.0000
2008-12-02 04:30:10.527Z 0 0 I ObjPos = 14.800000, 0.000000, 4734895535.97000, 0.000000, 0.000000, 4734895535.97000
2008-12-02 04:30:10.531Z 0 0 I ObjZPMPos = 14.800000, 0.000000, 4734895535.97000, 0.000000, 0.000000, 4734895535.97000
2008-12-02 04:30:10.534Z 0 0 I ObjOff = -0.000243, 0.000000, 4734909029.03000, 0.003613, 0.000000, 4734909029.03000
2008-12-02 04:30:10.538Z 0 0 I ObjArcOff = 0.000000, 0.000000, 4734909029.03000, 0.000000, 0.000000, 4734909029.03000
2008-12-02 04:30:10.541Z 0 0 I Boresight = 0.000000, 0.000000, 4734909029.03000, 0.000000, 0.000000, 4734909029.03000
2008-12-02 04:30:10.545Z 0 0 I GuideOff = 0.000000, 0.000000, 4734909029.03000, 0.000000, 0.000000, 4734909029.03000, 0.000000, 0.000000, 4734909029.03000
2008-12-02 04:30:10.549Z 0 0 I CalibOff = 0.004320, 0.000000, 4734909029.03000, -0.002286, 0.000000, 4734909029.03000, 0.027568, 0.000000, 4734909029.03000
2008-12-02 04:30:10.556Z 0 0 I RotType="Obj"
2008-12-02 04:30:10.560Z 0 0 I RotPos = -0.004454, 0.000000, 4734909029.03000
2008-12-02 04:30:10.567Z 24 11 I SpiderInstAng = -25.923967, -0.004990, 4734909050.10000
2008-12-02 04:30:10.567Z 24 11 : Cmd="show object"
2008-12-02 04:30:10.923Z 25 11 > Started; Cmd="offset object 0.0000127,0.0000243"
2008-12-02 04:30:11.197Z 25 11 I MoveItems="NNNYNNNNN"; Moved
2008-12-02 04:30:11.201Z 25 11 I ObjOff = -0.000230, 0.000000, 4734909044.92000, 0.003638, 0.000000, 4734909044.92000
2008-12-02 04:30:11.205Z 25 11 : 
2008-12-02 04:30:11.208Z 26 11 > Started; Cmd="offset rotator 0.0001066"
2008-12-02 04:30:11.441Z 26 11 I MoveItems="NNNNNNYNN"; Moved
2008-12-02 04:30:11.466Z 26 11 I RotType="Obj"
2008-12-02 04:30:11.466Z 26 11 I RotPos = -0.004347, 0.000000, 4734909045.19000
2008-12-02 04:30:11.466Z 26 11 : 
2008-12-02 04:30:11.466Z 27 11 I TAI=  4734909044.43
2008-12-02 04:30:11.467Z 27 11 I LST=  33.1196; UT1=  4734909010.87; UTC_TAI=  -33
2008-12-02 04:30:11.467Z 27 11 : Cmd="show time"
2008-12-02 04:30:11.467Z 0 0 I ObjName=" "
2008-12-02 04:30:11.473Z 0 0 I ObjMag=NaN
2008-12-02 04:30:11.473Z 0 0 I ObjSys=FK5, 2000.0
2008-12-02 04:30:11.478Z 0 0 I ObjPM=0.0000, 0.0000, 0.0000, 0.0000
2008-12-02 04:30:11.479Z 0 0 I ObjPos = 14.800000, 0.000000, 4734895535.97000, 0.000000, 0.000000, 4734895535.97000
2008-12-02 04:30:11.489Z 0 0 I ObjZPMPos = 14.800000, 0.000000, 4734895535.97000, 0.000000, 0.000000, 4734895535.97000
2008-12-02 04:30:11.490Z 0 0 I ObjOff = -0.000230, 0.000000, 4734909045.19000, 0.003638, 0.000000, 4734909045.19000
2008-12-02 04:30:11.490Z 0 0 I ObjArcOff = 0.000000, 0.000000, 4734909045.19000, 0.000000, 0.000000, 4734909045.19000
2008-12-02 04:30:11.501Z 0 0 I Boresight = 0.000000, 0.000000, 4734909045.19000, 0.000000, 0.000000, 4734909045.19000
2008-12-02 04:30:11.501Z 0 0 I GuideOff = 0.000000, 0.000000, 4734909045.19000, 0.000000, 0.000000, 4734909045.19000, 0.000000, 0.000000, 4734909045.19000
2008-12-02 04:30:11.506Z 0 0 I CalibOff = 0.004320, 0.000000, 4734909045.19000, -0.002286, 0.000000, 4734909045.19000, 0.027568, 0.000000, 4734909045.19000
2008-12-02 04:30:11.534Z 0 0 I RotType="Obj"
2008-12-02 04:30:11.542Z 0 0 I RotPos = -0.004347, 0.000000, 4734909045.19000
2008-12-02 04:30:11.542Z 28 11 I ObjNetPos = 14.799770, 0.000000, 4734909045.19000, 0.003637, 0.000000, 4734909045.19000
2008-12-02 04:30:11.543Z 28 11 I ObjInstAng = -0.004347, 0.000000, 4734909045.19000
2008-12-02 04:30:11.543Z 28 11 I SpiderInstAng = -25.899354, -0.004992, 4734909045.19000
2008-12-02 04:30:11.543Z 28 11 : Cmd="show object"
2008-12-02 04:30:11.543Z 29 11 I TelMount = -31.340400, -0.006253, 4734909045.19000, 53.087392, -0.001825, 4734909045.19000
2008-12-02 04:30:11.543Z 29 11 I RotMount = 154.066214, -0.004992, 4734909045.19000
2008-12-02 04:30:11.544Z 29 11 : Cmd="show mount"
2008-12-02 04:30:11.544Z 30 11 I SecFocus=40.00
2008-12-02 04:30:11.544Z 30 11 I GCFocus=0.00
2008-12-02 04:30:11.548Z 30 11 : Cmd="show focus"
2008-12-02 04:30:11.549Z 31 11 I AirTemp=    4.40; SecTrussTemp=    4.40
2008-12-02 04:30:11.549Z 31 11 I PrimF_BFTemp=   10.00,    0.00; SecF_BFTemp=   10.00,    0.00
2008-12-02 04:30:11.552Z 31 11 I Pressure=   73029.0; Humidity=  0.42; TLapse=  6.50
2008-12-02 04:30:11.559Z 31 11 I WindSpeed=     1.3; WindDir=   216.0
2008-12-02 04:30:11.561Z 31 11 I TimeStamp=  4734908434.58
2008-12-02 04:30:11.561Z 31 11 : Cmd="show weather"
2008-12-02 04:30:11.561Z 32 11 > Started; Text="command queued"; Cmd="gcam doread 10"
2008-12-02 04:30:11.565Z 32 11 I Text="command executing"
2008-12-02 04:30:11.569Z 0 0 I GCamCmd="doread      10.00     2     2      192.0      128.0        0.0        0.0"
2008-12-02 04:30:11.916Z 0 0 I TCCStatus="TTT","NNN"; TCCPos=-31.33,53.09,154.07; AxePos=-31.34,53.09,154.07
2008-12-02 04:30:11.954Z 0 0 I AxisErrCode="OK","OK","OK"
2008-12-02 04:30:11.955Z 0 0 I ObjNetPos = 14.799770, 0.000000, 4734909045.19000, 0.003637, 0.000000, 4734909045.19000
2008-12-02 04:30:11.955Z 0 0 I ObjInstAng = -0.004347, 0.000000, 4734909045.19000
2008-12-02 04:30:11.955Z 0 0 I SpiderInstAng = -25.899354, -0.004992, 4734909045.19000
2008-12-02 04:30:11.955Z 0 0 W DeadProc="T_AUTOLOUVER"
2008-12-02 04:30:12.315Z 0 0 I TCCStatus="TTT","NNN"; TCCPos=-31.34,53.09,154.07; AxePos=-31.34,53.09,154.06
2008-12-02 04:30:12.320Z 0 0 I AxisErrCode="OK","OK","OK"
2008-12-02 04:30:12.323Z 0 0 I SpiderInstAng = -25.899354, -0.004992, 4734909045.19000
2008-12-02 04:30:12.326Z 0 0 W DeadProc="T_AUTOLOUVER"
2008-12-02 04:30:13.594Z 0 0 I TrackAdvTime=3.51
2008-12-02 04:30:18.555Z 0 0 I TrackAdvTime=3.55
2008-12-02 04:30:22.235Z 0 0 I TCCStatus="TTT","NNN"; TCCPos=-31.40,53.07,154.02; AxePos=-31.40,53.07,154.02
2008-12-02 04:30:22.243Z 0 0 I AxisErrCode="OK","OK","OK"
2008-12-02 04:30:22.243Z 0 0 I SpiderInstAng = -25.973728, -0.004984, 4734909060.10000
2008-12-02 04:30:22.246Z 0 0 W DeadProc="T_AUTOLOUVER"
2008-12-02 04:30:23.594Z 0 0 I TrackAdvTime=3.51
2008-12-02 04:30:26.235Z 0 0 F Modu="prt_ReadReplySet"; Text="too few replies on port LTA11:"
2008-12-02 04:30:26.238Z 32 11 F Text="doread failed"
2008-12-02 04:30:26.767Z 0 0 I ObjName=" "
2008-12-02 04:30:26.770Z 0 0 I ObjMag=NaN
2008-12-02 04:30:26.774Z 0 0 I ObjSys=FK5, 2000.0
2008-12-02 04:30:26.778Z 0 0 I ObjPM=0.0000, 0.0000, 0.0000, 0.0000
2008-12-02 04:30:26.781Z 0 0 I ObjPos = 14.800000, 0.000000, 4734895535.97000, 0.000000, 0.000000, 4734895535.97000
2008-12-02 04:30:26.785Z 0 0 I ObjZPMPos = 14.800000, 0.000000, 4734895535.97000, 0.000000, 0.000000, 4734895535.97000
2008-12-02 04:30:26.788Z 0 0 I ObjOff = -0.000230, 0.000000, 4734909045.19000, 0.003638, 0.000000, 4734909045.19000
2008-12-02 04:30:26.793Z 0 0 I ObjArcOff = 0.000000, 0.000000, 4734909045.19000, 0.000000, 0.000000, 4734909045.19000
2008-12-02 04:30:26.797Z 0 0 I Boresight = 0.000000, 0.000000, 4734909045.19000, 0.000000, 0.000000, 4734909045.19000
2008-12-02 04:30:26.800Z 0 0 I GuideOff = 0.000000, 0.000000, 4734909045.19000, 0.000000, 0.000000, 4734909045.19000, 0.000000, 0.000000, 4734909045.19000
2008-12-02 04:30:26.803Z 0 0 I CalibOff = 0.004320, 0.000000, 4734909045.19000, -0.002286, 0.000000, 4734909045.19000, 0.027568, 0.000000, 4734909045.19000
2008-12-02 04:30:26.807Z 0 0 I RotType="Obj"
2008-12-02 04:30:26.812Z 0 0 I RotPos = -0.004347, 0.000000, 4734909045.19000
2008-12-02 04:30:26.815Z 33 11 I SpiderInstAng = -25.998642, -0.004982, 4734909065.10000
2008-12-02 04:30:26.820Z 33 11 : Cmd="show object"
2008-12-02 04:30:27.174Z 34 11 > Started; Cmd="offset object -0.0000118,-0.0000124"
2008-12-02 04:30:27.597Z 34 11 I MoveItems="NNNYNNNNN"; Moved
2008-12-02 04:30:27.601Z 34 11 I ObjOff = -0.000242, 0.000000, 4734909061.17000, 0.003625, 0.000000, 4734909061.17000
2008-12-02 04:30:27.605Z 34 11 : 
2008-12-02 04:30:27.608Z 35 11 > Started; Cmd="offset rotator -0.0002956"
2008-12-02 04:30:28.082Z 35 11 I MoveItems="NNNNNNYNN"; Moved
2008-12-02 04:30:28.087Z 35 11 I RotType="Obj"
2008-12-02 04:30:28.089Z 35 11 I RotPos = -0.004643, 0.000000, 4734909061.59000
2008-12-02 04:30:28.093Z 35 11 : 
2008-12-02 04:30:28.096Z 36 11 I TAI=  4734909061.07
2008-12-02 04:30:28.101Z 36 11 I LST=  33.1892; UT1=  4734909027.51; UTC_TAI=  -33
2008-12-02 04:30:28.106Z 36 11 : Cmd="show time"
